<?xml version="1.0" encoding="UTF-8"?>
<testsuite name="CarCollectionTest" tests="2" skipped="0" failures="0" errors="0" timestamp="2022-03-10T16:45:11" hostname="DESKTOP-T0D2EOV" time="0.012">
  <properties/>
  <testcase name="testForeach" classname="CarCollectionTest" time="0.011"/>
  <testcase name="contains" classname="CarCollectionTest" time="0.0"/>
  <system-out><![CDATA[]]></system-out>
  <system-err><![CDATA[]]></system-err>
</testsuite>
